[start] 20260307T060001Z
/home/claw/.openclaw/workspace/projects/forensic_cpra_engine/src/app/gates/__pycache__
/home/claw/.openclaw/workspace/projects/forensic_cpra_engine/src/app/cpra/__pycache__
/home/claw/.openclaw/workspace/projects/forensic_cpra_engine/src/app/evidence_vault/__pycache__
/home/claw/.openclaw/workspace/projects/forensic_cpra_engine/src/app/claim_loop/__pycache__
/home/claw/.openclaw/workspace/projects/forensic_cpra_engine/src/app/__pycache__
/home/claw/.openclaw/workspace/projects/forensic_cpra_engine/.venv/lib/python3.12/site-packages/_pytest/assertion/__pycache__
/home/claw/.openclaw/workspace/projects/forensic_cpra_engine/.venv/lib/python3.12/site-packages/_pytest/_code/__pycache__
/home/claw/.openclaw/workspace/projects/forensic_cpra_engine/.venv/lib/python3.12/site-packages/_pytest/_py/__pycache__
/home/claw/.openclaw/workspace/projects/forensic_cpra_engine/.venv/lib/python3.12/site-packages/_pytest/config/__pycache__
/home/claw/.openclaw/workspace/projects/forensic_cpra_engine/.venv/lib/python3.12/site-packages/_pytest/mark/__pycache__
/home/claw/.openclaw/workspace/projects/forensic_cpra_engine/.venv/lib/python3.12/site-packages/_pytest/__pycache__
/home/claw/.openclaw/workspace/projects/forensic_cpra_engine/.venv/lib/python3.12/site-packages/_pytest/_io/__pycache__
/home/claw/.openclaw/workspace/projects/forensic_cpra_engine/.venv/lib/python3.12/site-packages/iniconfig/__pycache__
/home/claw/.openclaw/workspace/projects/forensic_cpra_engine/.venv/lib/python3.12/site-packages/pluggy/__pycache__
/home/claw/.openclaw/workspace/projects/forensic_cpra_engine/.venv/lib/python3.12/site-packages/pytest/__pycache__
/home/claw/.openclaw/workspace/projects/forensic_cpra_engine/.venv/lib/python3.12/site-packages/pygments/lexers/__pycache__
/home/claw/.openclaw/workspace/projects/forensic_cpra_engine/.venv/lib/python3.12/site-packages/pygments/filters/__pycache__
/home/claw/.openclaw/workspace/projects/forensic_cpra_engine/.venv/lib/python3.12/site-packages/pygments/styles/__pycache__
/home/claw/.openclaw/workspace/projects/forensic_cpra_engine/.venv/lib/python3.12/site-packages/pygments/formatters/__pycache__
/home/claw/.openclaw/workspace/projects/forensic_cpra_engine/.venv/lib/python3.12/site-packages/pygments/__pycache__
/home/claw/.openclaw/workspace/projects/forensic_cpra_engine/.venv/lib/python3.12/site-packages/__pycache__
/home/claw/.openclaw/workspace/projects/forensic_cpra_engine/.venv/lib/python3.12/site-packages/yaml/__pycache__
/home/claw/.openclaw/workspace/projects/forensic_cpra_engine/tests/__pycache__
Files removed: 0
Cache verified and compressed (~/.npm/_cacache)
Content verified: 1358 (720048325 bytes)
Index entries: 1358
Finished in 11.099s
Filesystem      Size  Used Avail Use% Mounted on
tmpfs           795M  1.1M  794M   1% /run
/dev/sda1        96G   21G   76G  22% /
tmpfs           3.9G     0  3.9G   0% /dev/shm
tmpfs           5.0M     0  5.0M   0% /run/lock
/dev/sda16      881M  117M  703M  15% /boot
/dev/sda15      105M  6.2M   99M   6% /boot/efi
tmpfs           795M   12K  795M   1% /run/user/0
tmpfs           795M   12K  795M   1% /run/user/1001
[done] 20260307T060028Z
